<?xml version="1.0" encoding="UTF-8"?>
<!-- Generated by org.testng.reporters.JUnitXMLReporter -->
<testsuite ignored="0" hostname="Akshay" failures="1" tests="1" name="Default test(failed)" time="0.161" errors="0" timestamp="2021-06-15T12:44:38 IST">
  <testcase classname="testng.assert52" name="m1" time="0.033">
    <failure type="java.lang.AssertionError" message="The following asserts failed:
	null">
      <![CDATA[java.lang.AssertionError: The following asserts failed:
null
at testng.assert52.m1(assert52.java:17)
at java.base/java.util.ArrayList.forEach(ArrayList.java:1511)
... Removed 29 stack frames]]>
    </failure>
  </testcase> <!-- m1 -->
</testsuite> <!-- Default test(failed) -->
