<?xml version="1.0" encoding="UTF-8"?>
<!-- Generated by org.testng.reporters.JUnitXMLReporter -->
<testsuite ignored="0" hostname="Akshay" failures="0" tests="4" name="Listeners Practice" time="6.352" errors="0" timestamp="2021-06-15T14:15:28 IST">
  <testcase classname="testngklkk.TestCasesForListeners" name="login" time="6.087"/>
  <testcase classname="testngklkk.TestCasesForListeners" name="dashboard" time="0.008"/>
  <testcase classname="testngklkk.TestCasesForListeners" name="profile" time="0.025"/>
  <testcase classname="testngklkk.TestCasesForListeners" name="home" time="0.017"/>
</testsuite> <!-- Listeners Practice -->
