<?xml version="1.0" encoding="UTF-8"?>
<!-- Generated by org.testng.reporters.JUnitXMLReporter -->
<testsuite ignored="0" hostname="Akshay" failures="1" tests="3" name="Test practice" time="1.903" errors="0" timestamp="2021-06-09T13:11:17 IST">
  <testcase classname="testng1.loginTest" name="login" time="0.568"/>
  <testcase classname="testng1.loginTest" name="login1" time="0.573">
    <failure type="java.lang.AssertionError" message="null">
      <![CDATA[java.lang.AssertionError: null
at testng1.loginTest.login1(loginTest.java:23)
at java.base/java.util.ArrayList.forEach(ArrayList.java:1511)
... Removed 29 stack frames]]>
    </failure>
  </testcase> <!-- login1 -->
  <testcase classname="testng1.loginTest" name="login2" time="0.0">
    <skipped/>
  </testcase> <!-- login2 -->
</testsuite> <!-- Test practice -->
