<?xml version="1.0" encoding="UTF-8"?>
<testng-results ignored="0" total="4" passed="4" failed="0" skipped="0">
  <reporter-output>
  </reporter-output>
  <suite started-at="2021-06-15T14:15:22 IST" name="Suite" finished-at="2021-06-15T14:15:28 IST" duration-ms="6352">
    <groups>
    </groups>
    <test started-at="2021-06-15T14:15:22 IST" name="Listeners Practice" finished-at="2021-06-15T14:15:28 IST" duration-ms="6352">
      <class name="testngklkk.TestCasesForListeners">
        <test-method is-config="true" signature="openBrowser()[pri:0, instance:testngklkk.TestCasesForListeners@32ee6fee]" started-at="2021-06-15T14:15:08 IST" name="openBrowser" finished-at="2021-06-15T14:15:22 IST" duration-ms="13437" status="PASS">
          <reporter-output>
          </reporter-output>
        </test-method> <!-- openBrowser -->
        <test-method signature="login()[pri:0, instance:testngklkk.TestCasesForListeners@32ee6fee]" started-at="2021-06-15T14:15:22 IST" name="login" finished-at="2021-06-15T14:15:28 IST" duration-ms="6087" status="PASS">
          <reporter-output>
          </reporter-output>
        </test-method> <!-- login -->
        <test-method signature="dashboard()[pri:0, instance:testngklkk.TestCasesForListeners@32ee6fee]" started-at="2021-06-15T14:15:28 IST" name="dashboard" finished-at="2021-06-15T14:15:28 IST" duration-ms="8" status="PASS">
          <reporter-output>
          </reporter-output>
        </test-method> <!-- dashboard -->
        <test-method signature="profile()[pri:0, instance:testngklkk.TestCasesForListeners@32ee6fee]" started-at="2021-06-15T14:15:28 IST" name="profile" finished-at="2021-06-15T14:15:28 IST" duration-ms="25" status="PASS">
          <reporter-output>
          </reporter-output>
        </test-method> <!-- profile -->
        <test-method signature="home()[pri:0, instance:testngklkk.TestCasesForListeners@32ee6fee]" started-at="2021-06-15T14:15:28 IST" name="home" finished-at="2021-06-15T14:15:28 IST" depends-on-methods="testngklkk.TestCasesForListeners.login" duration-ms="17" status="PASS">
          <reporter-output>
          </reporter-output>
        </test-method> <!-- home -->
        <test-method is-config="true" signature="quitBrowser()[pri:0, instance:testngklkk.TestCasesForListeners@32ee6fee]" started-at="2021-06-15T14:15:28 IST" name="quitBrowser" finished-at="2021-06-15T14:15:30 IST" duration-ms="1251" status="PASS">
          <reporter-output>
          </reporter-output>
        </test-method> <!-- quitBrowser -->
      </class> <!-- testngklkk.TestCasesForListeners -->
    </test> <!-- Listeners Practice -->
  </suite> <!-- Suite -->
</testng-results>
